2026-02-27 15:33:02,495 - INFO - generate_questions_by_batch - ===== 开始分批生成问题 =====
2026-02-27 15:33:02,495 - INFO - load_base_materials - ✅ 基础素材加载完成（知识图谱/关系网/ASR）
2026-02-27 15:33:02,497 - INFO - load_ocr_frames - ✅ 加载OCR完成，共246个有效时间点
2026-02-27 15:33:03,234 - ERROR - generate_questions_by_batch - ❌ 处理0.1秒OCR异常：Expecting value: line 1 column 1 (char 0)
2026-02-27 15:33:05,960 - ERROR - generate_questions_by_batch - ❌ 处理2.1秒OCR异常：Expecting value: line 1 column 1 (char 0)
2026-02-27 15:33:06,788 - INFO - generate_questions_by_batch - ✅ 成功生成4.2秒的问题（3/246）
2026-02-27 15:33:07,790 - INFO - generate_questions_by_batch - ✅ 成功生成6.2秒的问题（4/246）
2026-02-27 15:33:08,523 - INFO - generate_questions_by_batch - ✅ 成功生成8.2秒的问题（5/246）
2026-02-27 15:33:09,370 - INFO - generate_questions_by_batch - ✅ 成功生成10.2秒的问题（6/246）
2026-02-27 15:33:10,758 - INFO - generate_questions_by_batch - ✅ 成功生成12.2秒的问题（7/246）
2026-02-27 15:33:11,848 - INFO - generate_questions_by_batch - ✅ 成功生成14.2秒的问题（8/246）
2026-02-27 15:33:12,932 - INFO - generate_questions_by_batch - ✅ 成功生成16.2秒的问题（9/246）
2026-02-27 15:33:14,067 - INFO - generate_questions_by_batch - ✅ 成功生成18.2秒的问题（10/246）
2026-02-27 15:33:15,085 - INFO - generate_questions_by_batch - ✅ 成功生成20.2秒的问题（11/246）
2026-02-27 15:33:16,220 - INFO - generate_questions_by_batch - ✅ 成功生成22.2秒的问题（12/246）
2026-02-27 15:33:17,066 - INFO - generate_questions_by_batch - ✅ 成功生成24.2秒的问题（13/246）
2026-02-27 15:33:17,989 - INFO - generate_questions_by_batch - ✅ 成功生成26.2秒的问题（14/246）
2026-02-27 15:33:19,101 - INFO - generate_questions_by_batch - ✅ 成功生成28.2秒的问题（15/246）
2026-02-27 15:33:20,256 - INFO - generate_questions_by_batch - ✅ 成功生成30.2秒的问题（16/246）
2026-02-27 15:33:21,463 - INFO - generate_questions_by_batch - ✅ 成功生成32.2秒的问题（17/246）
2026-02-27 15:33:22,513 - INFO - generate_questions_by_batch - ✅ 成功生成34.2秒的问题（18/246）
2026-02-27 15:33:23,842 - INFO - generate_questions_by_batch - ✅ 成功生成36.2秒的问题（19/246）
2026-02-27 15:33:24,896 - INFO - generate_questions_by_batch - ✅ 成功生成38.2秒的问题（20/246）
2026-02-27 15:33:26,160 - INFO - generate_questions_by_batch - ✅ 成功生成46.3秒的问题（21/246）
2026-02-27 15:33:27,193 - INFO - generate_questions_by_batch - ✅ 成功生成48.3秒的问题（22/246）
2026-02-27 15:33:28,241 - INFO - generate_questions_by_batch - ✅ 成功生成50.3秒的问题（23/246）
2026-02-27 15:33:29,287 - INFO - generate_questions_by_batch - ✅ 成功生成52.3秒的问题（24/246）
2026-02-27 15:33:30,182 - INFO - generate_questions_by_batch - ✅ 成功生成54.3秒的问题（25/246）
2026-02-27 15:33:31,045 - INFO - generate_questions_by_batch - ✅ 成功生成56.3秒的问题（26/246）
2026-02-27 15:33:32,386 - INFO - generate_questions_by_batch - ✅ 成功生成58.3秒的问题（27/246）
2026-02-27 15:33:33,234 - INFO - generate_questions_by_batch - ✅ 成功生成60.3秒的问题（28/246）
2026-02-27 15:33:34,393 - INFO - generate_questions_by_batch - ✅ 成功生成62.3秒的问题（29/246）
2026-02-27 15:33:35,447 - INFO - generate_questions_by_batch - ✅ 成功生成64.3秒的问题（30/246）
2026-02-27 15:33:36,509 - INFO - generate_questions_by_batch - ✅ 成功生成66.3秒的问题（31/246）
2026-02-27 15:33:37,529 - INFO - generate_questions_by_batch - ✅ 成功生成68.3秒的问题（32/246）
2026-02-27 15:33:39,053 - INFO - generate_questions_by_batch - ✅ 成功生成70.3秒的问题（33/246）
2026-02-27 15:33:40,065 - INFO - generate_questions_by_batch - ✅ 成功生成72.3秒的问题（34/246）
2026-02-27 15:33:41,241 - INFO - generate_questions_by_batch - ✅ 成功生成74.3秒的问题（35/246）
2026-02-27 15:33:42,158 - INFO - generate_questions_by_batch - ✅ 成功生成76.3秒的问题（36/246）
2026-02-27 15:33:42,935 - INFO - generate_questions_by_batch - ✅ 成功生成78.3秒的问题（37/246）
2026-02-27 15:33:44,292 - INFO - generate_questions_by_batch - ✅ 成功生成80.3秒的问题（38/246）
2026-02-27 15:33:45,480 - INFO - generate_questions_by_batch - ✅ 成功生成82.3秒的问题（39/246）
2026-02-27 15:33:46,793 - INFO - generate_questions_by_batch - ✅ 成功生成84.3秒的问题（40/246）
2026-02-27 15:33:48,167 - INFO - generate_questions_by_batch - ✅ 成功生成113.0秒的问题（41/246）
2026-02-27 15:33:49,504 - INFO - generate_questions_by_batch - ✅ 成功生成115.0秒的问题（42/246）
2026-02-27 15:33:50,575 - INFO - generate_questions_by_batch - ✅ 成功生成117.0秒的问题（43/246）
2026-02-27 15:33:51,531 - INFO - generate_questions_by_batch - ✅ 成功生成119.0秒的问题（44/246）
2026-02-27 15:33:52,436 - INFO - generate_questions_by_batch - ✅ 成功生成121.0秒的问题（45/246）
2026-02-27 15:33:53,514 - INFO - generate_questions_by_batch - ✅ 成功生成123.0秒的问题（46/246）
2026-02-27 15:33:55,104 - INFO - generate_questions_by_batch - ✅ 成功生成125.0秒的问题（47/246）
2026-02-27 15:33:56,449 - INFO - generate_questions_by_batch - ✅ 成功生成127.0秒的问题（48/246）
2026-02-27 15:33:57,719 - INFO - generate_questions_by_batch - ✅ 成功生成129.0秒的问题（49/246）
2026-02-27 15:33:58,736 - INFO - generate_questions_by_batch - ✅ 成功生成131.0秒的问题（50/246）
2026-02-27 15:33:59,795 - INFO - generate_questions_by_batch - ✅ 成功生成133.0秒的问题（51/246）
2026-02-27 15:34:01,083 - INFO - generate_questions_by_batch - ✅ 成功生成135.0秒的问题（52/246）
2026-02-27 15:34:02,300 - INFO - generate_questions_by_batch - ✅ 成功生成137.0秒的问题（53/246）
2026-02-27 15:34:04,187 - INFO - generate_questions_by_batch - ✅ 成功生成139.0秒的问题（54/246）
2026-02-27 15:34:05,206 - INFO - generate_questions_by_batch - ✅ 成功生成141.0秒的问题（55/246）
2026-02-27 15:34:06,867 - INFO - generate_questions_by_batch - ✅ 成功生成143.0秒的问题（56/246）
2026-02-27 15:34:08,020 - INFO - generate_questions_by_batch - ✅ 成功生成145.0秒的问题（57/246）
2026-02-27 15:34:09,319 - INFO - generate_questions_by_batch - ✅ 成功生成147.0秒的问题（58/246）
2026-02-27 15:34:10,812 - INFO - generate_questions_by_batch - ✅ 成功生成149.0秒的问题（59/246）
2026-02-27 15:34:11,937 - INFO - generate_questions_by_batch - ✅ 成功生成151.0秒的问题（60/246）
2026-02-27 15:34:13,060 - INFO - generate_questions_by_batch - ✅ 成功生成276.1秒的问题（61/246）
2026-02-27 15:34:15,075 - INFO - generate_questions_by_batch - ✅ 成功生成278.1秒的问题（62/246）
2026-02-27 15:34:16,188 - INFO - generate_questions_by_batch - ✅ 成功生成280.1秒的问题（63/246）
2026-02-27 15:34:18,044 - INFO - generate_questions_by_batch - ✅ 成功生成282.1秒的问题（64/246）
2026-02-27 15:34:19,138 - INFO - generate_questions_by_batch - ✅ 成功生成284.1秒的问题（65/246）
2026-02-27 15:34:20,189 - INFO - generate_questions_by_batch - ✅ 成功生成286.1秒的问题（66/246）
2026-02-27 15:34:26,918 - INFO - generate_questions_by_batch - ✅ 成功生成288.1秒的问题（67/246）
2026-02-27 15:34:34,521 - INFO - generate_questions_by_batch - ✅ 成功生成290.1秒的问题（68/246）
2026-02-27 15:34:36,962 - INFO - generate_questions_by_batch - ✅ 成功生成292.1秒的问题（69/246）
2026-02-27 15:34:39,488 - INFO - generate_questions_by_batch - ✅ 成功生成294.1秒的问题（70/246）
2026-02-27 15:34:40,784 - INFO - generate_questions_by_batch - ✅ 成功生成296.1秒的问题（71/246）
2026-02-27 15:34:44,289 - INFO - generate_questions_by_batch - ✅ 成功生成298.1秒的问题（72/246）
2026-02-27 15:34:46,405 - INFO - generate_questions_by_batch - ✅ 成功生成300.1秒的问题（73/246）
2026-02-27 15:34:49,396 - INFO - generate_questions_by_batch - ✅ 成功生成302.1秒的问题（74/246）
2026-02-27 15:34:51,766 - INFO - generate_questions_by_batch - ✅ 成功生成304.1秒的问题（75/246）
2026-02-27 15:35:06,291 - INFO - generate_questions_by_batch - ✅ 成功生成306.1秒的问题（76/246）
2026-02-27 15:35:09,646 - INFO - generate_questions_by_batch - ✅ 成功生成308.1秒的问题（77/246）
2026-02-27 15:35:10,644 - INFO - generate_questions_by_batch - ✅ 成功生成309.2秒的问题（78/246）
2026-02-27 15:35:12,863 - INFO - generate_questions_by_batch - ✅ 成功生成311.2秒的问题（79/246）
2026-02-27 15:35:14,460 - INFO - generate_questions_by_batch - ✅ 成功生成313.2秒的问题（80/246）
2026-02-27 15:35:16,800 - INFO - generate_questions_by_batch - ✅ 成功生成315.2秒的问题（81/246）
2026-02-27 15:35:17,681 - ERROR - _handle_request - 
2026-02-27 15:40:55,278 - INFO - ===== 开始生成题目（3次基础传入 + 逐t分段出题） =====
2026-02-27 15:40:55,872 - INFO - ✅ 第1次传入：知识图谱
2026-02-27 15:40:56,702 - INFO - ✅ 第2次传入：关系网
2026-02-27 15:41:07,756 - INFO - ✅ 第3次传入：矫正ASR
2026-02-27 15:41:07,760 - INFO - ✅ 本次视频共有 14 个 t 分段
2026-02-27 15:41:07,761 - INFO - ➡️ 正在处理：t1
2026-02-27 15:41:09,030 - INFO - ➡️ 正在处理：t2
2026-02-27 15:41:10,222 - INFO - ➡️ 正在处理：t3
2026-02-27 15:41:11,937 - INFO - ➡️ 正在处理：t4
2026-02-27 15:41:13,215 - INFO - ➡️ 正在处理：t5
2026-02-27 15:41:14,425 - INFO - ➡️ 正在处理：t6
2026-02-27 15:41:15,967 - INFO - ➡️ 正在处理：t7
2026-02-27 15:41:17,398 - INFO - ➡️ 正在处理：t8
2026-02-27 15:41:18,756 - INFO - ➡️ 正在处理：t9
2026-02-27 15:41:19,757 - INFO - ➡️ 正在处理：t10
2026-02-27 15:41:21,263 - INFO - ➡️ 正在处理：t11
2026-02-27 15:41:22,603 - INFO - ➡️ 正在处理：t12
2026-02-27 15:41:24,309 - INFO - ➡️ 正在处理：t13
2026-02-27 15:41:25,858 - INFO - ➡️ 正在处理：t14
2026-02-27 15:41:27,175 - INFO - ===== 完成！共生成 14 组题（每组2题）=====
