2026-02-27 14:50:44,651 - INFO - generate_questions_for_knowledge_points - line 278 - 开始为视频52生成题目（读取已保存的OCR）
2026-02-27 14:51:24,808 - INFO - extract_t_ocr_with_pytesseract - line 241 - t1「应用层概述」OCR完成 | 有效帧：20
2026-02-27 14:52:10,803 - INFO - extract_t_ocr_with_pytesseract - line 241 - t2「DNS域名系统」OCR完成 | 有效帧：20
2026-02-27 14:52:50,152 - INFO - extract_t_ocr_with_pytesseract - line 241 - t3「域名结构与分类」OCR完成 | 有效帧：20
2026-02-27 14:53:32,461 - INFO - extract_t_ocr_with_pytesseract - line 241 - t4「DNS相关习题解析」OCR完成 | 有效帧：17
2026-02-27 14:54:13,424 - INFO - extract_t_ocr_with_pytesseract - line 241 - t5「文件传输协议FTP」OCR完成 | 有效帧：20
2026-02-27 14:54:42,122 - INFO - extract_t_ocr_with_pytesseract - line 241 - t6「FTP相关习题解析」OCR完成 | 有效帧：14
2026-02-27 14:55:45,723 - INFO - extract_t_ocr_with_pytesseract - line 241 - t7「远程登录协议Telnet」OCR完成 | 有效帧：19
2026-02-27 14:56:24,098 - INFO - extract_t_ocr_with_pytesseract - line 241 - t8「万维网WWW」OCR完成 | 有效帧：20
2026-02-27 14:56:49,626 - INFO - extract_t_ocr_with_pytesseract - line 241 - t9「WWW相关习题解析」OCR完成 | 有效帧：11
2026-02-27 14:57:30,652 - INFO - extract_t_ocr_with_pytesseract - line 241 - t10「电子邮件协议」OCR完成 | 有效帧：20
2026-02-27 14:57:45,413 - INFO - extract_t_ocr_with_pytesseract - line 241 - t11「电子邮件相关习题解析」OCR完成 | 有效帧：7
2026-02-27 14:58:33,762 - INFO - extract_t_ocr_with_pytesseract - line 241 - t12「动态主机配置协议DHCP」OCR完成 | 有效帧：20
2026-02-27 14:59:16,684 - INFO - extract_t_ocr_with_pytesseract - line 241 - t13「应用层协议总结表」OCR完成 | 有效帧：18
2026-02-27 15:00:03,335 - INFO - extract_t_ocr_with_pytesseract - line 241 - t14「课程总结与练习题预告」OCR完成 | 有效帧：20
2026-02-27 15:00:05,432 - INFO - generate_questions_for_knowledge_points - line 351 - t1「应用层概述」题目生成成功
2026-02-27 15:00:07,255 - INFO - generate_questions_for_knowledge_points - line 351 - t2「DNS域名系统」题目生成成功
2026-02-27 15:00:08,881 - INFO - generate_questions_for_knowledge_points - line 351 - t3「域名结构与分类」题目生成成功
2026-02-27 15:00:10,596 - INFO - generate_questions_for_knowledge_points - line 351 - t4「DNS相关习题解析」题目生成成功
2026-02-27 15:00:12,347 - INFO - generate_questions_for_knowledge_points - line 351 - t5「文件传输协议FTP」题目生成成功
2026-02-27 15:00:14,189 - INFO - generate_questions_for_knowledge_points - line 351 - t6「FTP相关习题解析」题目生成成功
2026-02-27 15:00:16,075 - INFO - generate_questions_for_knowledge_points - line 351 - t7「远程登录协议Telnet」题目生成成功
2026-02-27 15:00:17,712 - INFO - generate_questions_for_knowledge_points - line 351 - t8「万维网WWW」题目生成成功
2026-02-27 15:00:21,059 - INFO - generate_questions_for_knowledge_points - line 351 - t9「WWW相关习题解析」题目生成成功
2026-02-27 15:00:23,115 - INFO - generate_questions_for_knowledge_points - line 351 - t10「电子邮件协议」题目生成成功
2026-02-27 15:00:25,250 - INFO - generate_questions_for_knowledge_points - line 351 - t11「电子邮件相关习题解析」题目生成成功
2026-02-27 15:00:27,115 - INFO - generate_questions_for_knowledge_points - line 351 - t12「动态主机配置协议DHCP」题目生成成功
2026-02-27 15:00:28,947 - INFO - generate_questions_for_knowledge_points - line 351 - t13「应用层协议总结表」题目生成成功
2026-02-27 15:00:30,832 - INFO - generate_questions_for_knowledge_points - line 351 - t14「课程总结与练习题预告」题目生成成功
2026-02-27 15:00:30,834 - INFO - generate_questions_for_knowledge_points - line 381 - 视频52题目生成完成，共14个分段
